<?xml version="1.0" encoding="UTF-8"?>
<!-- Generated by org.testng.reporters.JUnitReportReporter -->
<testsuite hostname="INLEN8520028254" failures="0" tests="3" name="stepDefinations.LegalTitleCheckStepDefination" time="23.445" errors="1" timestamp="2022-04-11T23:04:32 IST" skipped="0">
  <testcase classname="stepDefinations.LegalTitleCheckStepDefination" name="user_click_on_property_services_and_select_legal_title_check" time="15.282"/>
  <system-out/>
  <testcase classname="stepDefinations.LegalTitleCheckStepDefination" name="user_redirects_to_packages_for_property_legal_title_check" time="0.035"/>
  <system-out/>
  <testcase classname="stepDefinations.LegalTitleCheckStepDefination" name="user_click_on_verify_property_documents" time="8.128">
    <error message="element click intercepted: Element &lt;a class=&quot;prop-service__banner--requestCta prop-service__action--btn btn-red xmedium&quot; href=&quot;javascript:void(0)&quot; onclick=&quot;fireGtmAndEcomm(event,&#039;ps_Legal_Title_Check_Events&#039;,&#039;Prop Verification&#039;,&#039;Click&#039;,&#039;Verify Property Documents&#039;,&#039;&#039;,&#039;&#039;,&#039;Bangalore&#039;,&#039;Legal Title Check&#039;,&#039;&#039;,&#039;&#039;,&#039;&#039;,&#039;&#039;);
                                                         scrollToSection(this,&#039;legalTitlegrid&#039;,&#039;44&#039;); buyPackage(true,&#039;requestValuationCta&#039;,&#039;&#039;,&#039;&#039;,&#039;&#039;,&#039;&#039;,37811913);&quot;&gt;...&lt;/a&gt; is not clickable at point (982, 435). Other element would receive the click: &lt;img src=&quot;https://cdn.staticmb.com/propertyservicestatic/marketplacestatic/images/legal-services/legal-title-search/top-banner-slide-2-image.png&quot; alt=&quot;&quot;&gt;
  (Session info: chrome=100.0.4896.75)
Build info: version: &#039;3.141.59&#039;, revision: &#039;e82be7d358&#039;, time: &#039;2018-11-14T08:17:03&#039;
System info: host: &#039;INLEN8520028254&#039;, ip: &#039;192.168.1.15&#039;, os.name: &#039;Windows 10&#039;, os.arch: &#039;amd64&#039;, os.version: &#039;10.0&#039;, java.version: &#039;17.0.2&#039;
Driver info: org.openqa.selenium.chrome.ChromeDriver
Capabilities {acceptInsecureCerts: false, browserName: chrome, browserVersion: 100.0.4896.75, chrome: {chromedriverVersion: 99.0.4844.51 (d537ec02474b5..., userDataDir: C:\Users\ADARSPAN\AppData\L...}, goog:chromeOptions: {debuggerAddress: localhost:58808}, javascriptEnabled: true, networkConnectionEnabled: false, pageLoadStrategy: normal, platform: WINDOWS, platformName: WINDOWS, proxy: Proxy(), setWindowRect: true, strictFileInteractability: false, timeouts: {implicit: 0, pageLoad: 300000, script: 30000}, unhandledPromptBehavior: dismiss and notify, webauthn:extension:credBlob: true, webauthn:extension:largeBlob: true, webauthn:virtualAuthenticators: true}
Session ID: 071e04577380cc301ed5a34d9a3b6222" type="org.openqa.selenium.ElementClickInterceptedException">
      <![CDATA[org.openqa.selenium.ElementClickInterceptedException: element click intercepted: Element <a class="prop-service__banner--requestCta prop-service__action--btn btn-red xmedium" href="javascript:void(0)" onclick="fireGtmAndEcomm(event,'ps_Legal_Title_Check_Events','Prop Verification','Click','Verify Property Documents','','','Bangalore','Legal Title Check','','','','');
                                                         scrollToSection(this,'legalTitlegrid','44'); buyPackage(true,'requestValuationCta','','','','',37811913);">...</a> is not clickable at point (982, 435). Other element would receive the click: <img src="https://cdn.staticmb.com/propertyservicestatic/marketplacestatic/images/legal-services/legal-title-search/top-banner-slide-2-image.png" alt="">
  (Session info: chrome=100.0.4896.75)
Build info: version: '3.141.59', revision: 'e82be7d358', time: '2018-11-14T08:17:03'
System info: host: 'INLEN8520028254', ip: '192.168.1.15', os.name: 'Windows 10', os.arch: 'amd64', os.version: '10.0', java.version: '17.0.2'
Driver info: org.openqa.selenium.chrome.ChromeDriver
Capabilities {acceptInsecureCerts: false, browserName: chrome, browserVersion: 100.0.4896.75, chrome: {chromedriverVersion: 99.0.4844.51 (d537ec02474b5..., userDataDir: C:\Users\ADARSPAN\AppData\L...}, goog:chromeOptions: {debuggerAddress: localhost:58808}, javascriptEnabled: true, networkConnectionEnabled: false, pageLoadStrategy: normal, platform: WINDOWS, platformName: WINDOWS, proxy: Proxy(), setWindowRect: true, strictFileInteractability: false, timeouts: {implicit: 0, pageLoad: 300000, script: 30000}, unhandledPromptBehavior: dismiss and notify, webauthn:extension:credBlob: true, webauthn:extension:largeBlob: true, webauthn:virtualAuthenticators: true}
Session ID: 071e04577380cc301ed5a34d9a3b6222
at java.base/jdk.internal.reflect.NativeConstructorAccessorImpl.newInstance0(Native Method)
at java.base/jdk.internal.reflect.NativeConstructorAccessorImpl.newInstance(NativeConstructorAccessorImpl.java:77)
at java.base/jdk.internal.reflect.DelegatingConstructorAccessorImpl.newInstance(DelegatingConstructorAccessorImpl.java:45)
at java.base/java.lang.reflect.Constructor.newInstanceWithCaller(Constructor.java:499)
at java.base/java.lang.reflect.Constructor.newInstance(Constructor.java:480)
at org.openqa.selenium.remote.http.W3CHttpResponseCodec.createException(W3CHttpResponseCodec.java:187)
at org.openqa.selenium.remote.http.W3CHttpResponseCodec.decode(W3CHttpResponseCodec.java:122)
at org.openqa.selenium.remote.http.W3CHttpResponseCodec.decode(W3CHttpResponseCodec.java:49)
at org.openqa.selenium.remote.HttpCommandExecutor.execute(HttpCommandExecutor.java:158)
at org.openqa.selenium.remote.service.DriverCommandExecutor.execute(DriverCommandExecutor.java:83)
at org.openqa.selenium.remote.RemoteWebDriver.execute(RemoteWebDriver.java:552)
at org.openqa.selenium.remote.RemoteWebElement.execute(RemoteWebElement.java:285)
at org.openqa.selenium.remote.RemoteWebElement.click(RemoteWebElement.java:84)
at stepDefinations.LegalTitleCheckStepDefination.user_click_on_verify_property_documents(LegalTitleCheckStepDefination.java:29)
at java.base/jdk.internal.reflect.NativeMethodAccessorImpl.invoke0(Native Method)
at java.base/jdk.internal.reflect.NativeMethodAccessorImpl.invoke(NativeMethodAccessorImpl.java:77)
at java.base/jdk.internal.reflect.DelegatingMethodAccessorImpl.invoke(DelegatingMethodAccessorImpl.java:43)
at java.base/java.lang.reflect.Method.invoke(Method.java:568)
at org.testng.internal.MethodInvocationHelper.invokeMethod(MethodInvocationHelper.java:133)
at org.testng.internal.TestInvoker.invokeMethod(TestInvoker.java:598)
at org.testng.internal.TestInvoker.invokeTestMethod(TestInvoker.java:173)
at org.testng.internal.MethodRunner.runInSequence(MethodRunner.java:46)
at org.testng.internal.TestInvoker$MethodInvocationAgent.invoke(TestInvoker.java:824)
at org.testng.internal.TestInvoker.invokeTestMethods(TestInvoker.java:146)
at org.testng.internal.TestMethodWorker.invokeTestMethods(TestMethodWorker.java:146)
at org.testng.internal.TestMethodWorker.run(TestMethodWorker.java:128)
at java.base/java.util.ArrayList.forEach(ArrayList.java:1511)
at org.testng.TestRunner.privateRun(TestRunner.java:794)
at org.testng.TestRunner.run(TestRunner.java:596)
at org.testng.SuiteRunner.runTest(SuiteRunner.java:377)
at org.testng.SuiteRunner.runSequentially(SuiteRunner.java:371)
at org.testng.SuiteRunner.privateRun(SuiteRunner.java:332)
at org.testng.SuiteRunner.run(SuiteRunner.java:276)
at org.testng.SuiteRunnerWorker.runSuite(SuiteRunnerWorker.java:53)
at org.testng.SuiteRunnerWorker.run(SuiteRunnerWorker.java:96)
at org.testng.TestNG.runSuitesSequentially(TestNG.java:1212)
at org.testng.TestNG.runSuitesLocally(TestNG.java:1134)
at org.testng.TestNG.runSuites(TestNG.java:1063)
at org.testng.TestNG.run(TestNG.java:1031)
at org.testng.remote.AbstractRemoteTestNG.run(AbstractRemoteTestNG.java:115)
at org.testng.remote.RemoteTestNG.initAndRun(RemoteTestNG.java:251)
at org.testng.remote.RemoteTestNG.main(RemoteTestNG.java:77)
]]>
    </error>
  </testcase> <!-- user_click_on_verify_property_documents -->
  <system-out/>
</testsuite> <!-- stepDefinations.LegalTitleCheckStepDefination -->
